<?xml version="1.0" encoding="UTF-8"?>
<testsuite xmlns:xsi="http://www.w3.org/2001/XMLSchema-instance" xsi:noNamespaceSchemaLocation="https://maven.apache.org/surefire/maven-surefire-plugin/xsd/surefire-test-report-3.0.xsd" version="3.0" name="edu.unisabana.tyvs.tdd.domain.service.RegistryTest" time="0.011" tests="10" errors="0" skipped="0" failures="0">
  <properties>
    <property name="java.specification.version" value="24"/>
    <property name="sun.jnu.encoding" value="UTF-8"/>
    <property name="java.class.path" value="/Users/juanpabloparrado/Desktop/corte3/DYAS-TDD/clasesequivalencia/target/test-classes:/Users/juanpabloparrado/Desktop/corte3/DYAS-TDD/clasesequivalencia/target/classes:/Users/juanpabloparrado/.m2/repository/junit/junit/4.13.2/junit-4.13.2.jar:/Users/juanpabloparrado/.m2/repository/org/hamcrest/hamcrest-core/1.3/hamcrest-core-1.3.jar:"/>
    <property name="java.vm.vendor" value="Homebrew"/>
    <property name="sun.arch.data.model" value="64"/>
    <property name="java.vendor.url" value="https://github.com/Homebrew/homebrew-core/issues"/>
    <property name="os.name" value="Mac OS X"/>
    <property name="java.vm.specification.version" value="24"/>
    <property name="sun.java.launcher" value="SUN_STANDARD"/>
    <property name="user.country" value="CO"/>
    <property name="sun.boot.library.path" value="/opt/homebrew/Cellar/openjdk/24.0.2/libexec/openjdk.jdk/Contents/Home/lib"/>
    <property name="sun.java.command" value="/Users/juanpabloparrado/Desktop/corte3/DYAS-TDD/clasesequivalencia/target/surefire/surefirebooter-20251027205553295_3.jar /Users/juanpabloparrado/Desktop/corte3/DYAS-TDD/clasesequivalencia/target/surefire 2025-10-27T20-55-53_258-jvmRun1 surefire-20251027205553295_1tmp surefire_0-20251027205553295_2tmp"/>
    <property name="http.nonProxyHosts" value="local|*.local|169.254/16|*.169.254/16"/>
    <property name="jdk.debug" value="release"/>
    <property name="surefire.test.class.path" value="/Users/juanpabloparrado/Desktop/corte3/DYAS-TDD/clasesequivalencia/target/test-classes:/Users/juanpabloparrado/Desktop/corte3/DYAS-TDD/clasesequivalencia/target/classes:/Users/juanpabloparrado/.m2/repository/junit/junit/4.13.2/junit-4.13.2.jar:/Users/juanpabloparrado/.m2/repository/org/hamcrest/hamcrest-core/1.3/hamcrest-core-1.3.jar:"/>
    <property name="sun.cpu.endian" value="little"/>
    <property name="user.home" value="/Users/juanpabloparrado"/>
    <property name="user.language" value="es"/>
    <property name="java.specification.vendor" value="Oracle Corporation"/>
    <property name="java.version.date" value="2025-07-15"/>
    <property name="java.home" value="/opt/homebrew/Cellar/openjdk/24.0.2/libexec/openjdk.jdk/Contents/Home"/>
    <property name="file.separator" value="/"/>
    <property name="basedir" value="/Users/juanpabloparrado/Desktop/corte3/DYAS-TDD/clasesequivalencia"/>
    <property name="java.vm.compressedOopsMode" value="Zero based"/>
    <property name="line.separator" value="&#10;"/>
    <property name="java.vm.specification.vendor" value="Oracle Corporation"/>
    <property name="java.specification.name" value="Java Platform API Specification"/>
    <property name="apple.awt.application.name" value="ForkedBooter"/>
    <property name="surefire.real.class.path" value="/Users/juanpabloparrado/Desktop/corte3/DYAS-TDD/clasesequivalencia/target/surefire/surefirebooter-20251027205553295_3.jar"/>
    <property name="sun.management.compiler" value="HotSpot 64-Bit Tiered Compilers"/>
    <property name="ftp.nonProxyHosts" value="local|*.local|169.254/16|*.169.254/16"/>
    <property name="java.runtime.version" value="24.0.2"/>
    <property name="user.name" value="juanpabloparrado"/>
    <property name="stdout.encoding" value="UTF-8"/>
    <property name="path.separator" value=":"/>
    <property name="os.version" value="15.0.1"/>
    <property name="java.runtime.name" value="OpenJDK Runtime Environment"/>
    <property name="file.encoding" value="UTF-8"/>
    <property name="java.vm.name" value="OpenJDK 64-Bit Server VM"/>
    <property name="java.vendor.version" value="Homebrew"/>
    <property name="localRepository" value="/Users/juanpabloparrado/.m2/repository"/>
    <property name="java.vendor.url.bug" value="https://github.com/Homebrew/homebrew-core/issues"/>
    <property name="java.io.tmpdir" value="/var/folders/t2/gdprfvqd28g7lp0m31t770w40000gn/T/"/>
    <property name="java.version" value="24.0.2"/>
    <property name="user.dir" value="/Users/juanpabloparrado/Desktop/corte3/DYAS-TDD/clasesequivalencia"/>
    <property name="os.arch" value="aarch64"/>
    <property name="java.vm.specification.name" value="Java Virtual Machine Specification"/>
    <property name="native.encoding" value="UTF-8"/>
    <property name="java.library.path" value="/Users/juanpabloparrado/Library/Java/Extensions:/Library/Java/Extensions:/Network/Library/Java/Extensions:/System/Library/Java/Extensions:/usr/lib/java:."/>
    <property name="java.vm.info" value="mixed mode, sharing"/>
    <property name="stderr.encoding" value="UTF-8"/>
    <property name="java.vendor" value="Homebrew"/>
    <property name="java.vm.version" value="24.0.2"/>
    <property name="sun.io.unicode.encoding" value="UnicodeBig"/>
    <property name="socksNonProxyHosts" value="local|*.local|169.254/16|*.169.254/16"/>
    <property name="java.class.version" value="68.0"/>
  </properties>
  <testcase name="shouldRegisterValidPerson" classname="edu.unisabana.tyvs.tdd.domain.service.RegistryTest" time="0.002"/>
  <testcase name="shouldRejectDuplicatedId" classname="edu.unisabana.tyvs.tdd.domain.service.RegistryTest" time="0.0"/>
  <testcase name="shouldRejectInvalidAgeOver120" classname="edu.unisabana.tyvs.tdd.domain.service.RegistryTest" time="0.0"/>
  <testcase name="shouldRejectUnderageAt17" classname="edu.unisabana.tyvs.tdd.domain.service.RegistryTest" time="0.0"/>
  <testcase name="shouldReturnInvalidWhenPersonIsNull" classname="edu.unisabana.tyvs.tdd.domain.service.RegistryTest" time="0.0"/>
  <testcase name="shouldRejectDeadPerson" classname="edu.unisabana.tyvs.tdd.domain.service.RegistryTest" time="0.0"/>
  <testcase name="shouldRejectInvalidAgeNegative" classname="edu.unisabana.tyvs.tdd.domain.service.RegistryTest" time="0.0"/>
  <testcase name="shouldRejectWhenIdIsZeroOrNegative" classname="edu.unisabana.tyvs.tdd.domain.service.RegistryTest" time="0.0"/>
  <testcase name="shouldAcceptAdultAt18" classname="edu.unisabana.tyvs.tdd.domain.service.RegistryTest" time="0.0"/>
  <testcase name="shouldAcceptMaxAge120" classname="edu.unisabana.tyvs.tdd.domain.service.RegistryTest" time="0.0"/>
</testsuite>